<?xml version="1.0" encoding="UTF-8"?>
<testsuite xmlns:xsi="http://www.w3.org/2001/XMLSchema-instance" xsi:noNamespaceSchemaLocation="https://maven.apache.org/surefire/maven-surefire-plugin/xsd/surefire-test-report-3.0.xsd" version="3.0" name="com.example.career.CareerApplicationTests" time="11.118" tests="1" errors="0" skipped="0" failures="0">
  <properties>
[...]
</properties>
  <testcase name="contextLoads" classname="com.example.career.CareerApplicationTests" time="0.836">
    <system-out><![CDATA[04:57:34.381 [main] INFO org.springframework.test.context.support.AnnotationConfigContextLoaderUtils -- Could not detect default configuration classes for test class [com.example.career.CareerApplicationTests]: CareerApplicationTests does not declare any static, non-private, non-final, nested classes annotated with @Configuration.
04:57:34.657 [main] INFO org.springframework.boot.test.context.SpringBootTestContextBootstrapper -- Found @SpringBootConfiguration com.example.career.CareerApplication for test class com.example.career.CareerApplicationTests

  .   ____          _            __ _ _
 /\\ / ___'_ __ _ _(_)_ __  __ _ \ \ \ \
( ( )\___ | '_ | '_| | '_ \/ _` | \ \ \ \
 \\/  ___)| |_)| | | | | || (_| |  ) ) ) )
  '  |____| .__|_| |_|_| |_\__, | / / / /
 =========|_|==============|___/=/_/_/_/
 :: Spring Boot ::                (v3.2.5)

2026-03-16T04:57:35.314+01:00  INFO 22132 --- [           main] c.example.career.CareerApplicationTests  : Starting CareerApplicationTests using Java 17.0.14 with PID 22132 (started by hichr in C:\Users\hichr\Downloads\pfe\backend)
2026-03-16T04:57:35.316+01:00  INFO 22132 --- [           main] c.example.career.CareerApplicationTests  : No active profile set, falling back to 1 default profile: "default"
2026-03-16T04:57:36.583+01:00  INFO 22132 --- [           main] .s.d.r.c.RepositoryConfigurationDelegate : Bootstrapping Spring Data JPA repositories in DEFAULT mode.
2026-03-16T04:57:36.857+01:00  INFO 22132 --- [           main] .s.d.r.c.RepositoryConfigurationDelegate : Finished Spring Data repository scanning in 261 ms. Found 7 JPA repository interfaces.
2026-03-16T04:57:37.598+01:00  INFO 22132 --- [           main] com.zaxxer.hikari.HikariDataSource       : HikariPool-1 - Starting...
2026-03-16T04:57:38.072+01:00  INFO 22132 --- [           main] com.zaxxer.hikari.pool.HikariPool        : HikariPool-1 - Added connection org.postgresql.jdbc.PgConnection@d2708a7
2026-03-16T04:57:38.089+01:00  INFO 22132 --- [           main] com.zaxxer.hikari.HikariDataSource       : HikariPool-1 - Start completed.
2026-03-16T04:57:38.282+01:00  INFO 22132 --- [           main] o.hibernate.jpa.internal.util.LogHelper  : HHH000204: Processing PersistenceUnitInfo [name: default]
2026-03-16T04:57:38.456+01:00  INFO 22132 --- [           main] org.hibernate.Version                    : HHH000412: Hibernate ORM core version 6.4.4.Final
2026-03-16T04:57:38.536+01:00  INFO 22132 --- [           main] o.h.c.internal.RegionFactoryInitiator    : HHH000026: Second-level cache disabled
2026-03-16T04:57:39.029+01:00  INFO 22132 --- [           main] o.s.o.j.p.SpringPersistenceUnitInfo      : No LoadTimeWeaver setup: ignoring JPA class transformer
2026-03-16T04:57:39.136+01:00  WARN 22132 --- [           main] org.hibernate.orm.deprecation            : HHH90000025: PostgreSQLDialect does not need to be specified explicitly using 'hibernate.dialect' (remove the property setting and it will be selected by default)
2026-03-16T04:57:40.870+01:00  INFO 22132 --- [           main] o.h.e.t.j.p.i.JtaPlatformInitiator       : HHH000489: No JTA platform available (set 'hibernate.transaction.jta.platform' to enable JTA platform integration)
2026-03-16T04:57:41.017+01:00  INFO 22132 --- [           main] j.LocalContainerEntityManagerFactoryBean : Initialized JPA EntityManagerFactory for persistence unit 'default'
2026-03-16T04:57:41.594+01:00  INFO 22132 --- [           main] o.s.d.j.r.query.QueryEnhancerFactory     : Hibernate is in classpath; If applicable, HQL parser will be used.
2026-03-16T04:57:42.991+01:00  WARN 22132 --- [           main] JpaBaseConfiguration$JpaWebConfiguration : spring.jpa.open-in-view is enabled by default. Therefore, database queries may be performed during view rendering. Explicitly configure spring.jpa.open-in-view to disable this warning
2026-03-16T04:57:43.506+01:00  INFO 22132 --- [           main] o.s.s.web.DefaultSecurityFilterChain     : Will secure any request with [org.springframework.security.web.session.DisableEncodeUrlFilter@6d575cd8, org.springframework.security.web.context.request.async.WebAsyncManagerIntegrationFilter@69c00140, org.springframework.security.web.context.SecurityContextHolderFilter@2ef99072, org.springframework.security.web.header.HeaderWriterFilter@60c3f653, org.springframework.web.filter.CorsFilter@7cc7769d, org.springframework.security.web.authentication.logout.LogoutFilter@d05d8c3, com.example.career.security.JwtAuthenticationFilter@63100783, org.springframework.security.web.savedrequest.RequestCacheAwareFilter@4c006046, org.springframework.security.web.servletapi.SecurityContextHolderAwareRequestFilter@4fad5e7, org.springframework.security.web.authentication.AnonymousAuthenticationFilter@34f636a5, org.springframework.security.web.session.SessionManagementFilter@8508dae, org.springframework.security.web.access.ExceptionTranslationFilter@4e216b7e, org.springframework.security.web.access.intercept.AuthorizationFilter@46c85b61]
2026-03-16T04:57:44.122+01:00  INFO 22132 --- [           main] c.example.career.config.DataInitializer  : Loading demo dataset and skill taxonomy from resources/data/
Hibernate: select count(*) from public.skill_taxonomy st1_0
2026-03-16T04:57:44.263+01:00  INFO 22132 --- [           main] c.example.career.config.DataInitializer  : Skill taxonomy already loaded. Skipping. (106 skills found)
Hibernate: select count(*) from public.project p1_0
2026-03-16T04:57:44.267+01:00  INFO 22132 --- [           main] c.example.career.config.DataInitializer  : Projects already exist in database. Skipping sample loading.
Hibernate: select u1_0.id,u1_0.company,u1_0.email,u1_0.nom,u1_0.password,u1_0.phone,u1_0.position,u1_0.prenom,u1_0.reset_token,u1_0.role from public.users u1_0 where u1_0.email=?
Hibernate: select u1_0.id,u1_0.company,u1_0.email,u1_0.nom,u1_0.password,u1_0.phone,u1_0.position,u1_0.prenom,u1_0.reset_token,u1_0.role from public.users u1_0 where u1_0.email=?
Hibernate: select u1_0.id,u1_0.company,u1_0.email,u1_0.nom,u1_0.password,u1_0.phone,u1_0.position,u1_0.prenom,u1_0.reset_token,u1_0.role from public.users u1_0 where u1_0.email=?
Hibernate: select u1_0.id,u1_0.company,u1_0.email,u1_0.nom,u1_0.password,u1_0.phone,u1_0.position,u1_0.prenom,u1_0.reset_token,u1_0.role from public.users u1_0 where u1_0.email=?
Hibernate: select u1_0.id,u1_0.company,u1_0.email,u1_0.nom,u1_0.password,u1_0.phone,u1_0.position,u1_0.prenom,u1_0.reset_token,u1_0.role from public.users u1_0 where u1_0.email=?
Hibernate: select u1_0.id,u1_0.company,u1_0.email,u1_0.nom,u1_0.password,u1_0.phone,u1_0.position,u1_0.prenom,u1_0.reset_token,u1_0.role from public.users u1_0 where u1_0.email=?
Hibernate: select u1_0.id,u1_0.company,u1_0.email,u1_0.nom,u1_0.password,u1_0.phone,u1_0.position,u1_0.prenom,u1_0.reset_token,u1_0.role from public.users u1_0 where u1_0.email=?
2026-03-16T04:57:44.400+01:00  INFO 22132 --- [           main] c.example.career.config.DataInitializer  : Dataset initialization completed successfully
2026-03-16T04:57:44.410+01:00  INFO 22132 --- [           main] c.example.career.CareerApplicationTests  : Started CareerApplicationTests in 9.503 seconds (process running for 11.085)
]]></system-out>
  </testcase>
</testsuite>